c:\users\daerimhan\desktop\d3d11space\d3d11space\x64\debug\assimp-vc143-mtd.dll
c:\users\daerimhan\desktop\d3d11space\d3d11space\x64\debug\zlibd1.dll
c:\users\daerimhan\desktop\d3d11space\d3d11space\x64\debug\pugixml.dll
c:\users\daerimhan\desktop\d3d11space\d3d11space\x64\debug\vc143.pdb
c:\users\daerimhan\desktop\d3d11space\d3d11space\x64\debug\vc143.idb
c:\users\daerimhan\desktop\d3d11space\d3d11space\x64\debug\sunmesh.obj
c:\users\daerimhan\desktop\d3d11space\d3d11space\x64\debug\modelloader.obj
c:\users\daerimhan\desktop\d3d11space\d3d11space\x64\debug\basicmeshgroup.obj
c:\users\daerimhan\desktop\d3d11space\d3d11space\x64\debug\appbase.obj
c:\users\daerimhan\desktop\d3d11space\d3d11space\x64\debug\main.obj
c:\users\daerimhan\desktop\d3d11space\d3d11space\x64\debug\geometrygenerator.obj
c:\users\daerimhan\desktop\d3d11space\d3d11space\x64\debug\exampleapp.obj
c:\users\daerimhan\desktop\d3d11space\d3d11space\x64\debug\d3d11utils.obj
c:\users\daerimhan\desktop\d3d11space\d3d11space\x64\debug\cubemapping.obj
c:\users\daerimhan\desktop\d3d11space\d3d11space\x64\debug\basicpixelshader.cso
c:\users\daerimhan\desktop\d3d11space\d3d11space\x64\debug\basicvertexshader.cso
c:\users\daerimhan\desktop\d3d11space\d3d11space\x64\debug\blurypixelshader.cso
c:\users\daerimhan\desktop\d3d11space\d3d11space\x64\debug\combinepixelshader.cso
c:\users\daerimhan\desktop\d3d11space\d3d11space\x64\debug\cubemappingpixelshader.cso
c:\users\daerimhan\desktop\d3d11space\d3d11space\x64\debug\cubemappingvertexshader.cso
c:\users\daerimhan\desktop\d3d11space\d3d11space\x64\debug\blurxpixelshader.cso
c:\users\daerimhan\desktop\d3d11space\d3d11space\x64\debug\normalpixelshader.cso
c:\users\daerimhan\desktop\d3d11space\d3d11space\x64\debug\normalvertexshader.cso
c:\users\daerimhan\desktop\d3d11space\d3d11space\x64\debug\samplingpixelshader.cso
c:\users\daerimhan\desktop\d3d11space\d3d11space\x64\debug\samplingvertexshader.cso
c:\users\daerimhan\desktop\d3d11space\d3d11space\x64\debug\startvertexshader.cso
c:\users\daerimhan\desktop\d3d11space\d3d11space\x64\debug\starpixelshader.cso
c:\users\daerimhan\desktop\d3d11space\d3d11space\x64\debug\08_shadertoys_step6_bloomeffect.ilk
c:\users\daerimhan\desktop\d3d11space\d3d11space\x64\debug\08_shadertoys_step6_bloomeffect.exe
c:\users\daerimhan\desktop\d3d11space\d3d11space\x64\debug\08_shadertoys_step6_bloomeffect.pdb
c:\users\daerimhan\desktop\d3d11space\d3d11space\x64\debug\08_shade.0a4efec0.tlog\08_shadertoys_step6_bloomeffect.write.1u.tlog
c:\users\daerimhan\desktop\d3d11space\d3d11space\x64\debug\08_shade.0a4efec0.tlog\cl.command.1.tlog
c:\users\daerimhan\desktop\d3d11space\d3d11space\x64\debug\08_shade.0a4efec0.tlog\cl.read.1.tlog
c:\users\daerimhan\desktop\d3d11space\d3d11space\x64\debug\08_shade.0a4efec0.tlog\cl.write.1.tlog
c:\users\daerimhan\desktop\d3d11space\d3d11space\x64\debug\08_shade.0a4efec0.tlog\fxc.command.1.tlog
c:\users\daerimhan\desktop\d3d11space\d3d11space\x64\debug\08_shade.0a4efec0.tlog\fxc.read.1.tlog
c:\users\daerimhan\desktop\d3d11space\d3d11space\x64\debug\08_shade.0a4efec0.tlog\fxc.write.1.tlog
c:\users\daerimhan\desktop\d3d11space\d3d11space\x64\debug\08_shade.0a4efec0.tlog\link.command.1.tlog
c:\users\daerimhan\desktop\d3d11space\d3d11space\x64\debug\08_shade.0a4efec0.tlog\link.read.1.tlog
c:\users\daerimhan\desktop\d3d11space\d3d11space\x64\debug\08_shade.0a4efec0.tlog\link.write.1.tlog
